<?xml version="1.0" encoding="UTF-8"?>
<!-- Generated by org.testng.reporters.JUnitReportReporter -->
<testsuite hostname="DESKTOP-L79K9RP" failures="0" tests="1" name="com.java.test.TestHelloWorld" time="0.004" errors="0" timestamp="2021-03-22T17:08:51 IST" skipped="0">
  <testcase classname="com.java.test.TestHelloWorld" name="testHelloWorld" time="0.004"/>
  <system-out/>
</testsuite> <!-- com.java.test.TestHelloWorld -->
